# JRE version: Java(TM) SE Runtime Environment (8.0_221-b11) (build 1.8.0_221-b11)
# Java VM: Java HotSpot(TM) 64-Bit Server VM (25.221-b11 mixed mode bsd-amd64 compressed oops)
Heap:
 PSYoungGen      total 200704K, used 111830K [0x00000007b0000000, 0x00000007c0000000, 0x00000007c0000000)
  eden space 142336K, 50% used [0x00000007b0000000,0x00000007b45e23a8,0x00000007b8b00000)
  from space 58368K, 68% used [0x00000007bc700000,0x00000007bee53610,0x00000007c0000000)
  to   space 59904K, 0% used [0x00000007b8b00000,0x00000007b8b00000,0x00000007bc580000)
 ParOldGen       total 524288K, used 85500K [0x0000000790000000, 0x00000007b0000000, 0x00000007b0000000)
  object space 524288K, 16% used [0x0000000790000000,0x000000079537f058,0x00000007b0000000)
 Metaspace       used 74149K, capacity 78872K, committed 79192K, reserved 1118208K
  class space    used 9656K, capacity 11049K, committed 11136K, reserved 1048576K
GC Heap History (10 events):
Event: 951.307 GC heap before
{Heap before GC invocations=31 (full 3):
 PSYoungGen      total 223232K, used 223230K [0x00000007b0000000, 0x00000007c0000000, 0x00000007c0000000)
  eden space 184320K, 100% used [0x00000007b0000000,0x00000007bb400000,0x00000007bb400000)
  from space 38912K, 99% used [0x00000007bb400000,0x00000007bd9ffa10,0x00000007bda00000)
  to   space 38912K, 0% used [0x00000007bda00000,0x00000007bda00000,0x00000007c0000000)
 ParOldGen       total 524288K, used 85452K [0x0000000790000000, 0x00000007b0000000, 0x00000007b0000000)
  object space 524288K, 16% used [0x0000000790000000,0x0000000795373058,0x00000007b0000000)
 Metaspace       used 71788K, capacity 75370K, committed 75608K, reserved 1114112K
  class space    used 9177K, capacity 10333K, committed 10368K, reserved 1048576K
Event: 951.367 GC heap after
Heap after GC invocations=31 (full 3):
 PSYoungGen      total 200704K, used 37821K [0x00000007b0000000, 0x00000007c0000000, 0x00000007c0000000)
  eden space 161792K, 0% used [0x00000007b0000000,0x00000007b0000000,0x00000007b9e00000)
  from space 38912K, 97% used [0x00000007bda00000,0x00000007bfeef5e0,0x00000007c0000000)
  to   space 50176K, 0% used [0x00000007b9e00000,0x00000007b9e00000,0x00000007bcf00000)
 ParOldGen       total 524288K, used 85460K [0x0000000790000000, 0x00000007b0000000, 0x00000007b0000000)
  object space 524288K, 16% used [0x0000000790000000,0x0000000795375058,0x00000007b0000000)
 Metaspace       used 71788K, capacity 75370K, committed 75608K, reserved 1114112K
  class space    used 9177K, capacity 10333K, committed 10368K, reserved 1048576K
}
Event: 1908.226 GC heap before
{Heap before GC invocations=32 (full 3):
 PSYoungGen      total 200704K, used 199603K [0x00000007b0000000, 0x00000007c0000000, 0x00000007c0000000)
  eden space 161792K, 99% used [0x00000007b0000000,0x00000007b9dfd940,0x00000007b9e00000)
  from space 38912K, 97% used [0x00000007bda00000,0x00000007bfeef5e0,0x00000007c0000000)
  to   space 50176K, 0% used [0x00000007b9e00000,0x00000007b9e00000,0x00000007bcf00000)
 ParOldGen       total 524288K, used 85460K [0x0000000790000000, 0x00000007b0000000, 0x00000007b0000000)
  object space 524288K, 16% used [0x0000000790000000,0x0000000795375058,0x00000007b0000000)
 Metaspace       used 72536K, capacity 76544K, committed 76632K, reserved 1116160K
  class space    used 9312K, capacity 10549K, committed 10624K, reserved 1048576K
Event: 1908.360 GC heap after
Heap after GC invocations=32 (full 3):
 PSYoungGen      total 199680K, used 39653K [0x00000007b0000000, 0x00000007c0000000, 0x00000007c0000000)
  eden space 159744K, 0% used [0x00000007b0000000,0x00000007b0000000,0x00000007b9c00000)
  from space 39936K, 99% used [0x00000007b9e00000,0x00000007bc4b96b0,0x00000007bc500000)
  to   space 53760K, 0% used [0x00000007bcb80000,0x00000007bcb80000,0x00000007c0000000)
 ParOldGen       total 524288K, used 85468K [0x0000000790000000, 0x00000007b0000000, 0x00000007b0000000)
  object space 524288K, 16% used [0x0000000790000000,0x0000000795377058,0x00000007b0000000)
 Metaspace       used 72536K, capacity 76544K, committed 76632K, reserved 1116160K
  class space    used 9312K, capacity 10549K, committed 10624K, reserved 1048576K
}
Event: 2219.943 GC heap before
{Heap before GC invocations=33 (full 3):
 PSYoungGen      total 199680K, used 199397K [0x00000007b0000000, 0x00000007c0000000, 0x00000007c0000000)
  eden space 159744K, 100% used [0x00000007b0000000,0x00000007b9c00000,0x00000007b9c00000)
  from space 39936K, 99% used [0x00000007b9e00000,0x00000007bc4b96b0,0x00000007bc500000)
  to   space 53760K, 0% used [0x00000007bcb80000,0x00000007bcb80000,0x00000007c0000000)
 ParOldGen       total 524288K, used 85468K [0x0000000790000000, 0x00000007b0000000, 0x00000007b0000000)
  object space 524288K, 16% used [0x0000000790000000,0x0000000795377058,0x00000007b0000000)
 Metaspace       used 73225K, capacity 77416K, committed 77528K, reserved 1116160K
  class space    used 9446K, capacity 10740K, committed 10752K, reserved 1048576K
Event: 2220.019 GC heap after
Heap after GC invocations=33 (full 3):
 PSYoungGen      total 204288K, used 38256K [0x00000007b0000000, 0x00000007c0000000, 0x00000007c0000000)
  eden space 150528K, 0% used [0x00000007b0000000,0x00000007b0000000,0x00000007b9300000)
  from space 53760K, 71% used [0x00000007bcb80000,0x00000007bf0dc098,0x00000007c0000000)
  to   space 55808K, 0% used [0x00000007b9300000,0x00000007b9300000,0x00000007bc980000)
 ParOldGen       total 524288K, used 85476K [0x0000000790000000, 0x00000007b0000000, 0x00000007b0000000)
  object space 524288K, 16% used [0x0000000790000000,0x0000000795379058,0x00000007b0000000)
 Metaspace       used 73225K, capacity 77416K, committed 77528K, reserved 1116160K
  class space    used 9446K, capacity 10740K, committed 10752K, reserved 1048576K
}
Event: 3597.959 GC heap before
{Heap before GC invocations=34 (full 3):
 PSYoungGen      total 204288K, used 188653K [0x00000007b0000000, 0x00000007c0000000, 0x00000007c0000000)
  eden space 150528K, 99% used [0x00000007b0000000,0x00000007b92df5c0,0x00000007b9300000)
  from space 53760K, 71% used [0x00000007bcb80000,0x00000007bf0dc098,0x00000007c0000000)
  to   space 55808K, 0% used [0x00000007b9300000,0x00000007b9300000,0x00000007bc980000)
 ParOldGen       total 524288K, used 85476K [0x0000000790000000, 0x00000007b0000000, 0x00000007b0000000)
  object space 524288K, 16% used [0x0000000790000000,0x0000000795379058,0x00000007b0000000)
 Metaspace       used 73535K, capacity 77964K, committed 78168K, reserved 1116160K
  class space    used 9509K, capacity 10819K, committed 10880K, reserved 1048576K
Event: 3598.224 GC heap after
Heap after GC invocations=34 (full 3):
 PSYoungGen      total 188928K, used 39920K [0x00000007b0000000, 0x00000007c0000000, 0x00000007c0000000)
  eden space 148992K, 0% used [0x00000007b0000000,0x00000007b0000000,0x00000007b9180000)
  from space 39936K, 99% used [0x00000007b9300000,0x00000007bb9fc0d8,0x00000007bba00000)
  to   space 58368K, 0% used [0x00000007bc700000,0x00000007bc700000,0x00000007c0000000)
 ParOldGen       total 524288K, used 85492K [0x0000000790000000, 0x00000007b0000000, 0x00000007b0000000)
  object space 524288K, 16% used [0x0000000790000000,0x000000079537d058,0x00000007b0000000)
 Metaspace       used 73535K, capacity 77964K, committed 78168K, reserved 1116160K
  class space    used 9509K, capacity 10819K, committed 10880K, reserved 1048576K
}
Event: 3609.553 GC heap before
{Heap before GC invocations=35 (full 3):
 PSYoungGen      total 188928K, used 188532K [0x00000007b0000000, 0x00000007c0000000, 0x00000007c0000000)
  eden space 148992K, 99% used [0x00000007b0000000,0x00000007b9121208,0x00000007b9180000)
  from space 39936K, 99% used [0x00000007b9300000,0x00000007bb9fc0d8,0x00000007bba00000)
  to   space 58368K, 0% used [0x00000007bc700000,0x00000007bc700000,0x00000007c0000000)
 ParOldGen       total 524288K, used 85492K [0x0000000790000000, 0x00000007b0000000, 0x00000007b0000000)
  object space 524288K, 16% used [0x0000000790000000,0x000000079537d058,0x00000007b0000000)
 Metaspace       used 73847K, capacity 78558K, committed 78808K, reserved 1118208K
  class space    used 9590K, capacity 10966K, committed 11008K, reserved 1048576K
Event: 3609.631 GC heap after
Heap after GC invocations=35 (full 3):
 PSYoungGen      total 200704K, used 40269K [0x00000007b0000000, 0x00000007c0000000, 0x00000007c0000000)
  eden space 142336K, 0% used [0x00000007b0000000,0x00000007b0000000,0x00000007b8b00000)
  from space 58368K, 68% used [0x00000007bc700000,0x00000007bee53610,0x00000007c0000000)
  to   space 59904K, 0% used [0x00000007b8b00000,0x00000007b8b00000,0x00000007bc580000)
 ParOldGen       total 524288K, used 85500K [0x0000000790000000, 0x00000007b0000000, 0x00000007b0000000)
  object space 524288K, 16% used [0x0000000790000000,0x000000079537f058,0x00000007b0000000)
 Metaspace       used 73847K, capacity 78558K, committed 78808K, reserved 1118208K
  class space    used 9590K, capacity 10966K, committed 11008K, reserved 1048576K
}

